Started GET "/" for 127.0.0.1 at 2018-12-26 14:02:39 -0800
Processing by Rails::WelcomeController#index as HTML
  Rendering /Library/Ruby/Gems/2.3.0/gems/railties-5.2.2/lib/rails/templates/rails/welcome/index.html.erb
  Rendered /Library/Ruby/Gems/2.3.0/gems/railties-5.2.2/lib/rails/templates/rails/welcome/index.html.erb (4.3ms)
Completed 200 OK in 38ms (Views: 13.1ms | ActiveRecord: 0.0ms)


Started GET "/" for 127.0.0.1 at 2018-12-26 14:18:19 -0800
Processing by Rails::WelcomeController#index as HTML
  Rendering /Library/Ruby/Gems/2.3.0/gems/railties-5.2.2/lib/rails/templates/rails/welcome/index.html.erb
  Rendered /Library/Ruby/Gems/2.3.0/gems/railties-5.2.2/lib/rails/templates/rails/welcome/index.html.erb (3.9ms)
Completed 200 OK in 32ms (Views: 8.8ms | ActiveRecord: 0.0ms)


Started GET "/" for 127.0.0.1 at 2018-12-26 14:20:34 -0800
  
SyntaxError (/Users/braden/Desktop/Repo/Playground/myapp/app/controllers/application_controller.rb:6: syntax error, unexpected end-of-input, expecting keyword_end):
  
app/controllers/application_controller.rb:6: syntax error, unexpected end-of-input, expecting keyword_end
Started GET "/" for 127.0.0.1 at 2018-12-26 14:20:47 -0800
  
SyntaxError (/Users/braden/Desktop/Repo/Playground/myapp/app/controllers/application_controller.rb:6: syntax error, unexpected end-of-input, expecting keyword_end):
  
app/controllers/application_controller.rb:6: syntax error, unexpected end-of-input, expecting keyword_end
Started GET "/" for 127.0.0.1 at 2018-12-26 14:21:01 -0800
Processing by ApplicationController#hello as HTML
  Rendering html template
  Rendered html template (0.0ms)
Completed 200 OK in 4ms (Views: 3.2ms | ActiveRecord: 0.0ms)


Started GET "/" for 127.0.0.1 at 2018-12-26 14:21:37 -0800
Processing by ApplicationController#hello as HTML
  Rendering html template
  Rendered html template (0.0ms)
Completed 200 OK in 1ms (Views: 0.7ms | ActiveRecord: 0.0ms)


Started GET "/" for 127.0.0.1 at 2018-12-26 14:21:51 -0800
Processing by ApplicationController#hello as HTML
  Rendering html template
  Rendered html template (0.1ms)
Completed 200 OK in 1ms (Views: 0.7ms | ActiveRecord: 0.0ms)


Started GET "/" for 127.0.0.1 at 2018-12-26 14:29:58 -0800
Processing by ApplicationController#goodbye as HTML
  Rendering html template
  Rendered html template (0.1ms)
Completed 200 OK in 4ms (Views: 2.5ms | ActiveRecord: 0.0ms)


Started GET "/" for 127.0.0.1 at 2018-12-26 14:30:09 -0800
Processing by ApplicationController#hello as HTML
  Rendering html template
  Rendered html template (0.0ms)
Completed 200 OK in 1ms (Views: 0.7ms | ActiveRecord: 0.0ms)


